{"time":"2026-04-15T16:40:10.240222+03:00","level":"INFO","msg":"Start running application"}
{"time":"2026-04-15T16:40:10.240391+03:00","level":"DEBUG","msg":"localhost"}
{"time":"2026-04-15T16:40:10.240407+03:00","level":"INFO","msg":"Configs loaded"}
{"time":"2026-04-15T16:46:50.75754+03:00","level":"INFO","msg":"Start running application"}
{"time":"2026-04-15T16:46:50.757773+03:00","level":"DEBUG","msg":"localhost","H":"kjfkds"}
{"time":"2026-04-15T16:46:50.75787+03:00","level":"INFO","msg":"Configs loaded"}
{"time":"2026-04-15T16:48:02.006068+03:00","level":"INFO","msg":"Start running application"}
{"time":"2026-04-15T16:48:14.02508+03:00","level":"INFO","msg":"Start running application"}
{"time":"2026-04-15T16:48:14.025198+03:00","level":"DEBUG","msg":"localhost","H":"kjfkds"}
{"time":"2026-04-15T16:48:14.025259+03:00","level":"INFO","msg":"Configs loaded"}
{"time":"2026-04-15T16:51:02.258579+03:00","level":"INFO","msg":"Start running application"}
{"time":"2026-04-15T16:51:02.258747+03:00","level":"DEBUG","msg":"localhost","H":"kjfkds"}
{"time":"2026-04-15T16:51:02.25879+03:00","level":"INFO","msg":"Configs loaded"}
{"time":"2026-04-15T16:53:56.863517+03:00","level":"INFO","msg":"Start running application"}
{"time":"2026-04-15T16:53:56.865985+03:00","level":"DEBUG","msg":"localhost","H":"kjfkds"}
{"time":"2026-04-15T16:53:56.866096+03:00","level":"INFO","msg":"Configs loaded"}
{"time":"2026-04-15T17:12:31.52852+03:00","level":"INFO","msg":"Start running application"}
{"time":"2026-04-15T17:12:31.52871+03:00","level":"DEBUG","msg":"localhost","H":"kjfkds"}
{"time":"2026-04-15T17:12:31.528756+03:00","level":"INFO","msg":"Configs loaded"}
{"time":"2026-04-15T17:12:43.384994+03:00","level":"INFO","msg":"Start running application"}
{"time":"2026-04-15T17:12:43.385103+03:00","level":"DEBUG","msg":"localhost","H":"kjfkds"}
{"time":"2026-04-15T17:12:43.385159+03:00","level":"INFO","msg":"Configs loaded"}
{"time":"2026-04-15T17:13:57.991012+03:00","level":"INFO","msg":"Start running application"}
{"time":"2026-04-15T17:13:57.991497+03:00","level":"DEBUG","msg":"localhost","H":"kjfkds"}
{"time":"2026-04-15T17:13:57.991529+03:00","level":"INFO","msg":"Configs loaded"}
{"time":"2026-04-15T17:14:01.119103+03:00","level":"INFO","msg":"Start running application"}
{"time":"2026-04-15T17:14:01.119289+03:00","level":"DEBUG","msg":"localhost","H":"kjfkds"}
{"time":"2026-04-15T17:14:01.119314+03:00","level":"INFO","msg":"Configs loaded"}
{"time":"2026-04-15T17:14:24.142049+03:00","level":"INFO","msg":"Start running application"}
{"time":"2026-04-15T17:14:24.142278+03:00","level":"DEBUG","msg":"localhost","key":"value"}
{"time":"2026-04-15T17:14:24.142294+03:00","level":"INFO","msg":"Configs loaded"}
{"time":"2026-04-15T17:15:00.157819+03:00","level":"INFO","msg":"Start running application"}
{"time":"2026-04-15T17:15:00.158141+03:00","level":"INFO","msg":"Configs loaded"}
{"time":"2026-04-15T17:15:18.367384+03:00","level":"INFO","msg":"Start running application","Mode":"dev"}
{"time":"2026-04-15T17:15:18.367703+03:00","level":"INFO","msg":"Configs loaded"}
{"time":"2026-04-15T17:15:39.48142+03:00","level":"INFO","msg":"Start running application","Mode":"dev","Logs":"./log/app.log"}
{"time":"2026-04-15T17:15:39.481694+03:00","level":"INFO","msg":"Configs loaded"}
{"time":"2026-04-15T17:20:41.889675+03:00","level":"INFO","msg":"Start running application","Mode":"dev","Logs":"./log/app.log"}
{"time":"2026-04-15T17:20:41.889919+03:00","level":"INFO","msg":"Configs loaded"}
{"time":"2026-04-15T17:22:09.135051+03:00","level":"INFO","msg":"Start running application","Mode":"dev","Logs":"./log/app.log"}
{"time":"2026-04-15T17:22:09.135313+03:00","level":"INFO","msg":"Configs loaded"}
{"time":"2026-04-15T17:22:09.145037+03:00","level":"INFO","msg":"Database successfully initialized"}
{"time":"2026-04-15T17:51:15.521308+03:00","level":"INFO","msg":"Start running application","Mode":"dev","Logs":"./log/app.log"}
{"time":"2026-04-15T17:51:15.521606+03:00","level":"INFO","msg":"Configs loaded"}
{"time":"2026-04-15T17:51:15.58663+03:00","level":"ERROR","msg":"Failed auto migrate","error":"ERROR: column \"username\" of relation \"users\" contains null values (SQLSTATE 23502)"}
{"time":"2026-04-15T17:51:15.586699+03:00","level":"INFO","msg":"Database successfully initialized"}
{"time":"2026-04-15T17:52:48.409389+03:00","level":"INFO","msg":"Start running application","Mode":"dev","Logs":"./log/app.log"}
{"time":"2026-04-15T17:52:48.409801+03:00","level":"INFO","msg":"Configs loaded"}
{"time":"2026-04-15T17:52:48.466383+03:00","level":"ERROR","msg":"Failed auto migrate","error":"ERROR: insert or update on table \"refresh_tokens\" violates foreign key constraint \"fk_users_refresh_tokens\" (SQLSTATE 23503)"}
{"time":"2026-04-15T17:52:48.466425+03:00","level":"INFO","msg":"Database successfully initialized"}
{"time":"2026-04-15T17:53:00.834215+03:00","level":"INFO","msg":"Start running application","Mode":"dev","Logs":"./log/app.log"}
{"time":"2026-04-15T17:53:00.834418+03:00","level":"INFO","msg":"Configs loaded"}
{"time":"2026-04-15T17:53:00.889205+03:00","level":"ERROR","msg":"Failed auto migrate","error":"ERROR: insert or update on table \"refresh_tokens\" violates foreign key constraint \"fk_users_refresh_tokens\" (SQLSTATE 23503)"}
{"time":"2026-04-15T17:53:00.88925+03:00","level":"INFO","msg":"Database successfully initialized"}
{"time":"2026-04-15T17:53:00.889441+03:00","level":"INFO","msg":"grpc server started","addr":"[::]:50051"}
{"time":"2026-04-15T17:53:41.922473+03:00","level":"INFO","msg":"Start running application","Mode":"dev","Logs":"./log/app.log"}
{"time":"2026-04-15T17:53:41.922631+03:00","level":"INFO","msg":"Configs loaded"}
{"time":"2026-04-15T17:53:41.967962+03:00","level":"INFO","msg":"Database successfully initialized"}
{"time":"2026-04-15T17:53:41.968158+03:00","level":"INFO","msg":"grpc server started","addr":"[::]:50051"}
{"time":"2026-04-15T21:15:19.083656+03:00","level":"INFO","msg":"Start running application","Mode":"dev","Logs":"./log/app.log"}
{"time":"2026-04-15T21:15:19.083942+03:00","level":"INFO","msg":"Configs loaded"}
{"time":"2026-04-15T21:15:19.147292+03:00","level":"INFO","msg":"Database successfully initialized"}
{"time":"2026-04-15T21:15:19.147489+03:00","level":"INFO","msg":"grpc server started","addr":"[::]:50051"}
{"time":"2026-04-15T22:02:26.41977+03:00","level":"INFO","msg":"Start running application","Mode":"dev","Logs":"./log/app.log"}
{"time":"2026-04-15T22:02:26.420137+03:00","level":"INFO","msg":"Configs loaded"}
{"time":"2026-04-15T22:02:26.480919+03:00","level":"INFO","msg":"Database successfully initialized"}
{"time":"2026-04-15T22:02:26.481207+03:00","level":"INFO","msg":"grpc server started","addr":"[::]:50051"}
{"time":"2026-04-15T22:02:28.865603+03:00","level":"INFO","msg":"stopping gRPC server","op":"grpcapp.Stop","port":50051}
{"time":"2026-04-15T22:02:28.865893+03:00","level":"INFO","msg":"Gracefully stopped"}
{"time":"2026-04-15T22:03:12.166842+03:00","level":"INFO","msg":"Start running application","Mode":"dev","Logs":"./log/app.log"}
{"time":"2026-04-15T22:03:12.167239+03:00","level":"INFO","msg":"Configs loaded"}
{"time":"2026-04-15T22:03:12.221134+03:00","level":"INFO","msg":"Database successfully initialized"}
{"time":"2026-04-15T22:03:12.221415+03:00","level":"INFO","msg":"grpc server started","addr":"[::]:50051"}
{"time":"2026-04-15T22:04:55.859783+03:00","level":"INFO","msg":"stopping gRPC server","op":"grpcapp.Stop","port":50051}
{"time":"2026-04-15T22:04:55.860427+03:00","level":"INFO","msg":"Gracefully stopped"}
{"time":"2026-04-15T22:04:58.729601+03:00","level":"INFO","msg":"Start running application","Mode":"dev","Logs":"./log/app.log"}
{"time":"2026-04-15T22:04:58.729683+03:00","level":"INFO","msg":"Configs loaded"}
{"time":"2026-04-15T22:04:58.781563+03:00","level":"INFO","msg":"Database successfully initialized"}
{"time":"2026-04-15T22:04:58.781816+03:00","level":"INFO","msg":"grpc server started","addr":"[::]:50051"}
{"time":"2026-04-15T22:07:14.810853+03:00","level":"INFO","msg":"stopping gRPC server","op":"grpcapp.Stop","port":50051}
{"time":"2026-04-15T22:07:14.813361+03:00","level":"INFO","msg":"Gracefully stopped"}
{"time":"2026-04-15T22:07:16.95279+03:00","level":"INFO","msg":"Start running application","Mode":"dev","Logs":"./log/app.log"}
{"time":"2026-04-15T22:07:16.95288+03:00","level":"INFO","msg":"Configs loaded"}
{"time":"2026-04-15T22:07:17.015739+03:00","level":"INFO","msg":"Database successfully initialized"}
{"time":"2026-04-15T22:07:17.016099+03:00","level":"INFO","msg":"grpc server started","addr":"[::]:50051"}
{"time":"2026-04-15T22:08:36.29221+03:00","level":"INFO","msg":"request received","protocol":"grpc","grpc.component":"server","grpc.service":"sso.Auth","grpc.method":"Register","grpc.method_type":"unary","peer.address":"127.0.0.1:52234","grpc.start_time":"2026-04-15T22:08:36+03:00","grpc.recv.duration":"12.208µs","grpc.request.content":{"username":"rozoomcool","password":"rozoomcool"},"grpc.time_ms":"0.012"}
{"time":"2026-04-15T22:08:36.367262+03:00","level":"INFO","msg":"response sent","protocol":"grpc","grpc.component":"server","grpc.service":"sso.Auth","grpc.method":"Register","grpc.method_type":"unary","peer.address":"127.0.0.1:52234","grpc.start_time":"2026-04-15T22:08:36+03:00","grpc.send.duration":"75.095458ms","grpc.response.content":{"user_id":1},"grpc.time_ms":"75.095"}
{"time":"2026-04-15T22:30:53.55323+03:00","level":"INFO","msg":"stopping gRPC server","op":"grpcapp.Stop","port":50051}
{"time":"2026-04-15T22:30:53.559554+03:00","level":"INFO","msg":"Gracefully stopped"}
{"time":"2026-04-15T22:30:56.115417+03:00","level":"INFO","msg":"Start running application","Mode":"dev","Logs":"./log/app.log"}
{"time":"2026-04-15T22:30:56.115499+03:00","level":"INFO","msg":"Configs loaded"}
{"time":"2026-04-15T22:30:56.171822+03:00","level":"INFO","msg":"Database successfully initialized"}
{"time":"2026-04-15T22:30:56.172284+03:00","level":"INFO","msg":"grpc server started","addr":"[::]:50051"}
{"time":"2026-04-15T22:31:02.263099+03:00","level":"INFO","msg":"request received","protocol":"grpc","grpc.component":"server","grpc.service":"sso.Auth","grpc.method":"Login","grpc.method_type":"unary","peer.address":"127.0.0.1:54025","grpc.start_time":"2026-04-15T22:31:02+03:00","grpc.recv.duration":"14.958µs","grpc.request.content":{"username":"rozoomcool","password":"rozoomcool"},"grpc.time_ms":"0.014"}
{"time":"2026-04-15T22:31:02.337351+03:00","level":"INFO","msg":"response sent","protocol":"grpc","grpc.component":"server","grpc.service":"sso.Auth","grpc.method":"Login","grpc.method_type":"unary","peer.address":"127.0.0.1:54025","grpc.start_time":"2026-04-15T22:31:02+03:00","grpc.send.duration":"74.307583ms","grpc.response.content":{"user_id":1,"token":"eyJhbGciOiJIUzI1NiIsInR5cCI6IkpXVCJ9.eyJ1c2VyX2lkIjoxLCJ1c2VybmFtZSI6InJvem9vbWNvb2wiLCJpc3MiOiJhdXRoLXNlcnZpY2UiLCJzdWIiOiIxIiwiZXhwIjoxNzc4ODczNDYyLCJuYmYiOjE3NzYyODE0NjIsImlhdCI6MTc3NjI4MTQ2Mn0.Rnia4KbQizOtbjH5h6gsNxxn0Z8Burb1gB22THwZ3vY","refresh_token":"3fb34f3b-50c3-4704-b88f-e9d0c3c6dcbe"},"grpc.time_ms":"74.307"}
{"time":"2026-04-15T22:36:28.773527+03:00","level":"INFO","msg":"stopping gRPC server","op":"grpcapp.Stop","port":50051}
{"time":"2026-04-15T22:36:28.777958+03:00","level":"INFO","msg":"Gracefully stopped"}
